Failed to Open File
Failed to Open File
Streamline Covert Channel Sender with Num_Bits:1000000, Random Payload, LLC-Hit-Threshold-Comm:20 cycles. LLC-Hit-Threshold-Sync:20 cycles.  Start Tx-Rx-Delay-Cycles: 250000
Array Size: 67108864 bytes (0.06 GB). Starting index is: 104 (42th page)
Other Data-Structures Sizes: rx_time_obs:7.629395 MB, tx_payload:0.95 MB, rx_payload:0.95 MB.
Sender Process - PID:5337, TID:5337, CPU:1
policy=SCHED_OTHER, priority=0
Error:sched_policy mismatch
sudo: a terminal is required to read the password; either use the -S option to read from standard input or configure an askpass helper
sudo: a password is required
Streamline Covert Channel Sender with Num_Bits:1000000, Random Payload, LLC-Hit-Threshold-Comm:20 cycles. LLC-Hit-Threshold-Sync:20 cycles.  Start Tx-Rx-Delay-Cycles: 250000
Array Size: 67108864 bytes (0.06 GB). Starting index is: 104 (42th page)
Other Data-Structures Sizes: rx_time_obs:7.629395 MB, tx_payload:0.95 MB, rx_payload:0.95 MB.
Sender Process - PID:8783, TID:8783, CPU:1
policy=SCHED_OTHER, priority=0
Error:sched_policy mismatch
Streamline Covert Channel Sender with Num_Bits:1000000, Random Payload, LLC-Hit-Threshold-Comm:20 cycles. LLC-Hit-Threshold-Sync:20 cycles.  Start Tx-Rx-Delay-Cycles: 250000
Array Size: 67108864 bytes (0.06 GB). Starting index is: 104 (42th page)
Other Data-Structures Sizes: rx_time_obs:7.629395 MB, tx_payload:0.95 MB, rx_payload:0.95 MB.
Sender Process - PID:9341, TID:9341, CPU:1
policy=SCHED_OTHER, priority=0
Error:sched_policy mismatch
Failed to Open File
Failed to Open File
Failed to Open File
Failed to Open File
Streamline Covert Channel Sender with Num_Bits:1000000, Random Payload, LLC-Hit-Threshold-Comm:20 cycles. LLC-Hit-Threshold-Sync:20 cycles.  Start Tx-Rx-Delay-Cycles: 250000
Array Size: 67108864 bytes (0.06 GB). Starting index is: 104 (42th page)
Other Data-Structures Sizes: rx_time_obs:7.629395 MB, tx_payload:0.95 MB, rx_payload:0.95 MB.
Sender Process - PID:66229, TID:66229, CPU:1
policy=SCHED_FIFO, priority=99
Sender Ready: Done Initial Sync
Sender finished
Streamline Covert Channel Sender with Num_Bits:1000000, Random Payload, LLC-Hit-Threshold-Comm:20 cycles. LLC-Hit-Threshold-Sync:20 cycles.  Start Tx-Rx-Delay-Cycles: 250000
Array Size: 67108864 bytes (0.06 GB). Starting index is: 104 (42th page)
Other Data-Structures Sizes: rx_time_obs:7.629395 MB, tx_payload:0.95 MB, rx_payload:0.95 MB.
Sender Process - PID:66724, TID:66724, CPU:1
policy=SCHED_FIFO, priority=99
Sender Ready: Done Initial Sync
Sender finished
Streamline Covert Channel Sender with Num_Bits:1000000, Random Payload, LLC-Hit-Threshold-Comm:20 cycles. LLC-Hit-Threshold-Sync:20 cycles.  Start Tx-Rx-Delay-Cycles: 250000
Array Size: 67108864 bytes (0.06 GB). Starting index is: 104 (42th page)
Other Data-Structures Sizes: rx_time_obs:7.629395 MB, tx_payload:0.95 MB, rx_payload:0.95 MB.
Sender Process - PID:6173, TID:6173, CPU:1
policy=SCHED_FIFO, priority=99
Sender Ready: Done Initial Sync
Sender finished
Streamline Covert Channel Sender with Num_Bits:1000000, Random Payload, LLC-Hit-Threshold-Comm:20 cycles. LLC-Hit-Threshold-Sync:20 cycles.  Start Tx-Rx-Delay-Cycles: 250000
Array Size: 67108864 bytes (0.06 GB). Starting index is: 104 (42th page)
Other Data-Structures Sizes: rx_time_obs:7.629395 MB, tx_payload:0.95 MB, rx_payload:0.95 MB.
Sender Process - PID:8730, TID:8730, CPU:1
policy=SCHED_FIFO, priority=99
Sender Ready: Done Initial Sync
Sender finished
Streamline Covert Channel Sender with Num_Bits:1000000, Random Payload, LLC-Hit-Threshold-Comm:20 cycles. LLC-Hit-Threshold-Sync:20 cycles.  Start Tx-Rx-Delay-Cycles: 250000
Array Size: 67108864 bytes (0.06 GB). Starting index is: 104 (42th page)
Other Data-Structures Sizes: rx_time_obs:7.629395 MB, tx_payload:0.95 MB, rx_payload:0.95 MB.
Sender Process - PID:4412, TID:4412, CPU:1
policy=SCHED_FIFO, priority=99
Sender Ready: Done Initial Sync
Sender finished
Streamline Covert Channel Sender with Num_Bits:1000000, Random Payload, LLC-Hit-Threshold-Comm:20 cycles. LLC-Hit-Threshold-Sync:20 cycles.  Start Tx-Rx-Delay-Cycles: 250000
Array Size: 67108864 bytes (0.06 GB). Starting index is: 104 (42th page)
Other Data-Structures Sizes: rx_time_obs:7.629395 MB, tx_payload:0.95 MB, rx_payload:0.95 MB.
Sender Process - PID:8307, TID:8307, CPU:1
policy=SCHED_FIFO, priority=99
Sender Ready: Done Initial Sync
Sender finished
